{"/Users/yuxinr/Documents/Projects/Regex-Pattern-Matching-and-Replacement/frontend/src/App.jsx": {"path":"/Users/yuxinr/Documents/Projects/Regex-Pattern-Matching-and-Replacement/frontend/src/App.jsx","statementMap":{"0":{"start":{"line":9,"column":34},"end":{"line":9,"column":46}},"1":{"start":{"line":10,"column":34},"end":{"line":10,"column":46}},"2":{"start":{"line":11,"column":52},"end":{"line":11,"column":64}},"3":{"start":{"line":12,"column":40},"end":{"line":12,"column":52}},"4":{"start":{"line":14,"column":27},"end":{"line":17,"column":3}},"5":{"start":{"line":15,"column":4},"end":{"line":15,"column":35}},"6":{"start":{"line":16,"column":4},"end":{"line":16,"column":35}},"7":{"start":{"line":19,"column":28},"end":{"line":22,"column":3}},"8":{"start":{"line":20,"column":4},"end":{"line":20,"column":49}},"9":{"start":{"line":21,"column":4},"end":{"line":21,"column":46}},"10":{"start":{"line":25,"column":25},"end":{"line":31,"column":3}},"11":{"start":{"line":26,"column":4},"end":{"line":30,"column":5}},"12":{"start":{"line":27,"column":6},"end":{"line":27,"column":41}},"13":{"start":{"line":29,"column":6},"end":{"line":29,"column":40}},"14":{"start":{"line":34,"column":0},"end":{"line":74,"column":2}}},"fnMap":{"0":{"name":"App","decl":{"start":{"line":8,"column":9},"end":{"line":8,"column":12}},"loc":{"start":{"line":8,"column":15},"end":{"line":75,"column":1}},"line":8},"1":{"name":"(anonymous_1)","decl":{"start":{"line":14,"column":27},"end":{"line":14,"column":28}},"loc":{"start":{"line":14,"column":43},"end":{"line":17,"column":3}},"line":14},"2":{"name":"(anonymous_2)","decl":{"start":{"line":19,"column":28},"end":{"line":19,"column":29}},"loc":{"start":{"line":19,"column":44},"end":{"line":22,"column":3}},"line":19},"3":{"name":"(anonymous_3)","decl":{"start":{"line":25,"column":25},"end":{"line":25,"column":26}},"loc":{"start":{"line":25,"column":31},"end":{"line":31,"column":3}},"line":25}},"branchMap":{"0":{"loc":{"start":{"line":26,"column":4},"end":{"line":30,"column":5}},"type":"if","locations":[{"start":{"line":26,"column":4},"end":{"line":30,"column":5}},{"start":{"line":28,"column":11},"end":{"line":30,"column":5}}],"line":26},"1":{"loc":{"start":{"line":46,"column":5},"end":{"line":51,"column":5}},"type":"binary-expr","locations":[{"start":{"line":46,"column":5},"end":{"line":46,"column":13}},{"start":{"line":47,"column":6},"end":{"line":50,"column":9}}],"line":46},"2":{"loc":{"start":{"line":53,"column":5},"end":{"line":53,"column":87}},"type":"binary-expr","locations":[{"start":{"line":53,"column":5},"end":{"line":53,"column":13}},{"start":{"line":53,"column":17},"end":{"line":53,"column":87}}],"line":53},"3":{"loc":{"start":{"line":55,"column":5},"end":{"line":63,"column":5}},"type":"binary-expr","locations":[{"start":{"line":55,"column":5},"end":{"line":55,"column":22}},{"start":{"line":56,"column":6},"end":{"line":62,"column":9}}],"line":55}},"s":{"0":0,"1":0,"2":0,"3":0,"4":0,"5":0,"6":0,"7":0,"8":0,"9":0,"10":0,"11":0,"12":0,"13":0,"14":0},"f":{"0":0,"1":0,"2":0,"3":0},"b":{"0":[0,0],"1":[0,0],"2":[0,0],"3":[0,0]}}
,"/Users/yuxinr/Documents/Projects/Regex-Pattern-Matching-and-Replacement/frontend/src/api.js": {"path":"/Users/yuxinr/Documents/Projects/Regex-Pattern-Matching-and-Replacement/frontend/src/api.js","statementMap":{"0":{"start":{"line":3,"column":15},"end":{"line":3,"column":76}},"1":{"start":{"line":5,"column":12},"end":{"line":7,"column":2}}},"fnMap":{},"branchMap":{"0":{"loc":{"start":{"line":3,"column":15},"end":{"line":3,"column":76}},"type":"binary-expr","locations":[{"start":{"line":3,"column":15},"end":{"line":3,"column":60}},{"start":{"line":3,"column":63},"end":{"line":3,"column":76}}],"line":3},"1":{"loc":{"start":{"line":6,"column":11},"end":{"line":6,"column":79}},"type":"cond-expr","locations":[{"start":{"line":6,"column":42},"end":{"line":6,"column":70}},{"start":{"line":6,"column":73},"end":{"line":6,"column":79}}],"line":6}},"s":{"0":0,"1":0},"f":{},"b":{"0":[0,0],"1":[0,0]}}
,"/Users/yuxinr/Documents/Projects/Regex-Pattern-Matching-and-Replacement/frontend/src/constants.js": {"path":"/Users/yuxinr/Documents/Projects/Regex-Pattern-Matching-and-Replacement/frontend/src/constants.js","statementMap":{"0":{"start":{"line":1,"column":28},"end":{"line":1,"column":36}},"1":{"start":{"line":2,"column":29},"end":{"line":2,"column":38}}},"fnMap":{},"branchMap":{},"s":{"0":0,"1":0},"f":{},"b":{}}
,"/Users/yuxinr/Documents/Projects/Regex-Pattern-Matching-and-Replacement/frontend/src/main.jsx": {"path":"/Users/yuxinr/Documents/Projects/Regex-Pattern-Matching-and-Replacement/frontend/src/main.jsx","statementMap":{"0":{"start":{"line":6,"column":0},"end":{"line":10,"column":1}}},"fnMap":{},"branchMap":{},"s":{"0":0},"f":{},"b":{}}
,"/Users/yuxinr/Documents/Projects/Regex-Pattern-Matching-and-Replacement/frontend/src/components/DataProcessor.jsx": {"path":"/Users/yuxinr/Documents/Projects/Regex-Pattern-Matching-and-Replacement/frontend/src/components/DataProcessor.jsx","statementMap":{"0":{"start":{"line":6,"column":27},"end":{"line":30,"column":1}},"1":{"start":{"line":7,"column":16},"end":{"line":7,"column":47}},"2":{"start":{"line":8,"column":2},"end":{"line":8,"column":31}},"3":{"start":{"line":10,"column":15},"end":{"line":10,"column":55}},"4":{"start":{"line":13,"column":22},"end":{"line":13,"column":68}},"5":{"start":{"line":14,"column":17},"end":{"line":14,"column":67}},"6":{"start":{"line":14,"column":43},"end":{"line":14,"column":66}},"7":{"start":{"line":17,"column":15},"end":{"line":27,"column":4}},"8":{"start":{"line":18,"column":18},"end":{"line":18,"column":56}},"9":{"start":{"line":19,"column":20},"end":{"line":19,"column":22}},"10":{"start":{"line":22,"column":4},"end":{"line":24,"column":7}},"11":{"start":{"line":23,"column":6},"end":{"line":23,"column":60}},"12":{"start":{"line":26,"column":4},"end":{"line":26,"column":19}},"13":{"start":{"line":29,"column":2},"end":{"line":29,"column":14}},"14":{"start":{"line":33,"column":38},"end":{"line":33,"column":50}},"15":{"start":{"line":36,"column":2},"end":{"line":41,"column":17}},"16":{"start":{"line":37,"column":4},"end":{"line":40,"column":5}},"17":{"start":{"line":38,"column":21},"end":{"line":38,"column":49}},"18":{"start":{"line":39,"column":6},"end":{"line":39,"column":28}},"19":{"start":{"line":43,"column":22},"end":{"line":70,"column":3}},"20":{"start":{"line":44,"column":4},"end":{"line":44,"column":45}},"21":{"start":{"line":44,"column":33},"end":{"line":44,"column":45}},"22":{"start":{"line":46,"column":20},"end":{"line":46,"column":46}},"23":{"start":{"line":47,"column":4},"end":{"line":69,"column":6}},"24":{"start":{"line":52,"column":14},"end":{"line":52,"column":97}},"25":{"start":{"line":58,"column":12},"end":{"line":65,"column":17}},"26":{"start":{"line":63,"column":16},"end":{"line":63,"column":107}},"27":{"start":{"line":72,"column":2},"end":{"line":76,"column":4}}},"fnMap":{"0":{"name":"(anonymous_0)","decl":{"start":{"line":6,"column":27},"end":{"line":6,"column":28}},"loc":{"start":{"line":6,"column":43},"end":{"line":30,"column":1}},"line":6},"1":{"name":"(anonymous_1)","decl":{"start":{"line":14,"column":33},"end":{"line":14,"column":34}},"loc":{"start":{"line":14,"column":43},"end":{"line":14,"column":66}},"line":14},"2":{"name":"(anonymous_2)","decl":{"start":{"line":17,"column":33},"end":{"line":17,"column":34}},"loc":{"start":{"line":17,"column":42},"end":{"line":27,"column":3}},"line":17},"3":{"name":"(anonymous_3)","decl":{"start":{"line":22,"column":19},"end":{"line":22,"column":20}},"loc":{"start":{"line":22,"column":35},"end":{"line":24,"column":5}},"line":22},"4":{"name":"DataProcessor","decl":{"start":{"line":32,"column":9},"end":{"line":32,"column":22}},"loc":{"start":{"line":32,"column":37},"end":{"line":77,"column":1}},"line":32},"5":{"name":"(anonymous_5)","decl":{"start":{"line":36,"column":12},"end":{"line":36,"column":13}},"loc":{"start":{"line":36,"column":18},"end":{"line":41,"column":3}},"line":36},"6":{"name":"(anonymous_6)","decl":{"start":{"line":43,"column":22},"end":{"line":43,"column":23}},"loc":{"start":{"line":43,"column":28},"end":{"line":70,"column":3}},"line":43},"7":{"name":"(anonymous_7)","decl":{"start":{"line":51,"column":25},"end":{"line":51,"column":26}},"loc":{"start":{"line":52,"column":14},"end":{"line":52,"column":97}},"line":52},"8":{"name":"(anonymous_8)","decl":{"start":{"line":57,"column":26},"end":{"line":57,"column":27}},"loc":{"start":{"line":58,"column":12},"end":{"line":65,"column":17}},"line":58},"9":{"name":"(anonymous_9)","decl":{"start":{"line":62,"column":27},"end":{"line":62,"column":28}},"loc":{"start":{"line":63,"column":16},"end":{"line":63,"column":107}},"line":63}},"branchMap":{"0":{"loc":{"start":{"line":23,"column":21},"end":{"line":23,"column":59}},"type":"binary-expr","locations":[{"start":{"line":23,"column":21},"end":{"line":23,"column":53}},{"start":{"line":23,"column":57},"end":{"line":23,"column":59}}],"line":23},"1":{"loc":{"start":{"line":37,"column":4},"end":{"line":40,"column":5}},"type":"if","locations":[{"start":{"line":37,"column":4},"end":{"line":40,"column":5}},{"start":{},"end":{}}],"line":37},"2":{"loc":{"start":{"line":44,"column":4},"end":{"line":44,"column":45}},"type":"if","locations":[{"start":{"line":44,"column":4},"end":{"line":44,"column":45}},{"start":{},"end":{}}],"line":44}},"s":{"0":1,"1":1,"2":1,"3":1,"4":1,"5":1,"6":3,"7":1,"8":2,"9":2,"10":2,"11":6,"12":2,"13":1,"14":3,"15":3,"16":2,"17":1,"18":1,"19":3,"20":3,"21":2,"22":1,"23":1,"24":3,"25":2,"26":6,"27":3},"f":{"0":1,"1":3,"2":2,"3":6,"4":3,"5":2,"6":3,"7":3,"8":2,"9":6},"b":{"0":[6,0],"1":[1,1],"2":[2,1]},"_coverageSchema":"1a1c01bbd47fc00a2c39e90264f33305004495a9","hash":"500a0aa1883a0cdc833c1a275f10ebe7ea4711c0"}
,"/Users/yuxinr/Documents/Projects/Regex-Pattern-Matching-and-Replacement/frontend/src/components/DownloadComponent.jsx": {"path":"/Users/yuxinr/Documents/Projects/Regex-Pattern-Matching-and-Replacement/frontend/src/components/DownloadComponent.jsx","statementMap":{"0":{"start":{"line":5,"column":2},"end":{"line":14,"column":4}}},"fnMap":{"0":{"name":"DownloadComponent","decl":{"start":{"line":4,"column":9},"end":{"line":4,"column":26}},"loc":{"start":{"line":4,"column":43},"end":{"line":15,"column":1}},"line":4}},"branchMap":{},"s":{"0":1},"f":{"0":1},"b":{},"_coverageSchema":"1a1c01bbd47fc00a2c39e90264f33305004495a9","hash":"6cda9b72f16f256739c93b4c6eead0d50643ffa6"}
,"/Users/yuxinr/Documents/Projects/Regex-Pattern-Matching-and-Replacement/frontend/src/components/FileUploader.jsx": {"path":"/Users/yuxinr/Documents/Projects/Regex-Pattern-Matching-and-Replacement/frontend/src/components/FileUploader.jsx","statementMap":{"0":{"start":{"line":7,"column":26},"end":{"line":7,"column":40}},"1":{"start":{"line":9,"column":27},"end":{"line":11,"column":3}},"2":{"start":{"line":10,"column":4},"end":{"line":10,"column":35}},"3":{"start":{"line":13,"column":23},"end":{"line":33,"column":3}},"4":{"start":{"line":14,"column":4},"end":{"line":14,"column":27}},"5":{"start":{"line":15,"column":4},"end":{"line":18,"column":5}},"6":{"start":{"line":16,"column":6},"end":{"line":16,"column":43}},"7":{"start":{"line":17,"column":6},"end":{"line":17,"column":13}},"8":{"start":{"line":19,"column":21},"end":{"line":19,"column":35}},"9":{"start":{"line":20,"column":4},"end":{"line":20,"column":34}},"10":{"start":{"line":22,"column":4},"end":{"line":32,"column":5}},"11":{"start":{"line":23,"column":23},"end":{"line":27,"column":8}},"12":{"start":{"line":28,"column":6},"end":{"line":28,"column":34}},"13":{"start":{"line":30,"column":6},"end":{"line":30,"column":52}},"14":{"start":{"line":31,"column":6},"end":{"line":31,"column":36}},"15":{"start":{"line":35,"column":2},"end":{"line":49,"column":4}}},"fnMap":{"0":{"name":"FileUploader","decl":{"start":{"line":6,"column":9},"end":{"line":6,"column":21}},"loc":{"start":{"line":6,"column":40},"end":{"line":50,"column":1}},"line":6},"1":{"name":"(anonymous_1)","decl":{"start":{"line":9,"column":27},"end":{"line":9,"column":28}},"loc":{"start":{"line":9,"column":38},"end":{"line":11,"column":3}},"line":9},"2":{"name":"(anonymous_2)","decl":{"start":{"line":13,"column":23},"end":{"line":13,"column":24}},"loc":{"start":{"line":13,"column":40},"end":{"line":33,"column":3}},"line":13}},"branchMap":{"0":{"loc":{"start":{"line":15,"column":4},"end":{"line":18,"column":5}},"type":"if","locations":[{"start":{"line":15,"column":4},"end":{"line":18,"column":5}},{"start":{},"end":{}}],"line":15}},"s":{"0":0,"1":0,"2":0,"3":0,"4":0,"5":0,"6":0,"7":0,"8":0,"9":0,"10":0,"11":0,"12":0,"13":0,"14":0,"15":0},"f":{"0":0,"1":0,"2":0},"b":{"0":[0,0]}}
,"/Users/yuxinr/Documents/Projects/Regex-Pattern-Matching-and-Replacement/frontend/src/components/PatternInput.jsx": {"path":"/Users/yuxinr/Documents/Projects/Regex-Pattern-Matching-and-Replacement/frontend/src/components/PatternInput.jsx","statementMap":{"0":{"start":{"line":5,"column":54},"end":{"line":5,"column":66}},"1":{"start":{"line":7,"column":24},"end":{"line":24,"column":3}},"2":{"start":{"line":8,"column":4},"end":{"line":11,"column":5}},"3":{"start":{"line":9,"column":6},"end":{"line":9,"column":43}},"4":{"start":{"line":10,"column":6},"end":{"line":10,"column":13}},"5":{"start":{"line":13,"column":4},"end":{"line":23,"column":5}},"6":{"start":{"line":14,"column":23},"end":{"line":17,"column":8}},"7":{"start":{"line":19,"column":6},"end":{"line":19,"column":35}},"8":{"start":{"line":21,"column":6},"end":{"line":21,"column":53}},"9":{"start":{"line":22,"column":6},"end":{"line":22,"column":38}},"10":{"start":{"line":26,"column":2},"end":{"line":42,"column":4}},"11":{"start":{"line":32,"column":23},"end":{"line":32,"column":60}}},"fnMap":{"0":{"name":"PatternInput","decl":{"start":{"line":4,"column":9},"end":{"line":4,"column":21}},"loc":{"start":{"line":4,"column":51},"end":{"line":43,"column":1}},"line":4},"1":{"name":"(anonymous_1)","decl":{"start":{"line":7,"column":24},"end":{"line":7,"column":25}},"loc":{"start":{"line":7,"column":36},"end":{"line":24,"column":3}},"line":7},"2":{"name":"(anonymous_2)","decl":{"start":{"line":32,"column":18},"end":{"line":32,"column":19}},"loc":{"start":{"line":32,"column":23},"end":{"line":32,"column":60}},"line":32}},"branchMap":{"0":{"loc":{"start":{"line":8,"column":4},"end":{"line":11,"column":5}},"type":"if","locations":[{"start":{"line":8,"column":4},"end":{"line":11,"column":5}},{"start":{},"end":{}}],"line":8}},"s":{"0":0,"1":0,"2":0,"3":0,"4":0,"5":0,"6":0,"7":0,"8":0,"9":0,"10":0,"11":0},"f":{"0":0,"1":0,"2":0},"b":{"0":[0,0]}}
}
